<?xml version="1.0" encoding="UTF-8"?>
<!-- Generated by org.testng.reporters.JUnitReportReporter -->
<testsuite hostname="LAPTOP-O8J358JO" failures="0" tests="1" name="runner.login" time="0.022" errors="0" timestamp="2024-04-11T21:11:47 IST" skipped="0">
  <testcase classname="runner.login" name="add" time="0.022"/>
  <system-out/>
</testsuite> <!-- runner.login -->
