<?xml version="1.0" encoding="UTF-8"?>
<!-- Generated by org.testng.reporters.JUnitReportReporter -->
<testsuite hostname="LAPTOP-O8J358JO" failures="0" tests="1" name="runner.login_runner" time="10.116" errors="0" timestamp="2024-03-30T09:41:01 IST" skipped="0">
  <testcase classname="runner.login_runner" name="opening_browser" time="10.116"/>
  <system-out/>
</testsuite> <!-- runner.login_runner -->
